[3.167s] Invoking command in '/home/ubuntu/Desktop/ROS2/box_bot_ws/build/box_bot_description': PYTHONPATH=/home/ubuntu/Desktop/ROS2/box_bot_ws/build/box_bot_description/prefix_override:/usr/lib/python3/dist-packages/colcon_core/task/python/colcon_distutils_commands:/home/ubuntu/Desktop/ROS2/box_bot_ws/install/box_bot_description/lib/python3.12/site-packages:${PYTHONPATH} /usr/bin/python3 -W ignore:setup.py install is deprecated -W ignore:easy_install command is deprecated setup.py develop --editable --build-directory /home/ubuntu/Desktop/ROS2/box_bot_ws/build/box_bot_description/build --no-deps symlink_data
[4.194s] running develop
[4.898s] running egg_info
[4.903s] creating box_bot_description.egg-info
[4.949s] writing box_bot_description.egg-info/PKG-INFO
[4.950s] writing dependency_links to box_bot_description.egg-info/dependency_links.txt
[4.950s] writing requirements to box_bot_description.egg-info/requires.txt
[4.951s] writing top-level names to box_bot_description.egg-info/top_level.txt
[4.952s] writing manifest file 'box_bot_description.egg-info/SOURCES.txt'
[5.060s] reading manifest file 'box_bot_description.egg-info/SOURCES.txt'
[5.063s] writing manifest file 'box_bot_description.egg-info/SOURCES.txt'
[5.133s] running build_ext
[5.139s] Creating /home/ubuntu/Desktop/ROS2/box_bot_ws/install/box_bot_description/lib/python3.12/site-packages/box-bot-description.egg-link (link to .)
[5.149s] 
[5.156s] Installed /home/ubuntu/Desktop/ROS2/box_bot_ws/build/box_bot_description
[5.157s] running symlink_data
[5.159s] creating /home/ubuntu/Desktop/ROS2/box_bot_ws/install/box_bot_description/share/ament_index
[5.160s] creating /home/ubuntu/Desktop/ROS2/box_bot_ws/install/box_bot_description/share/ament_index/resource_index
[5.161s] creating /home/ubuntu/Desktop/ROS2/box_bot_ws/install/box_bot_description/share/ament_index/resource_index/packages
[5.171s] symbolically linking /home/ubuntu/Desktop/ROS2/box_bot_ws/build/box_bot_description/resource/box_bot_description -> /home/ubuntu/Desktop/ROS2/box_bot_ws/install/box_bot_description/share/ament_index/resource_index/packages
[5.172s] symbolically linking /home/ubuntu/Desktop/ROS2/box_bot_ws/build/box_bot_description/package.xml -> /home/ubuntu/Desktop/ROS2/box_bot_ws/install/box_bot_description/share/box_bot_description
[5.172s] creating /home/ubuntu/Desktop/ROS2/box_bot_ws/install/box_bot_description/share/box_bot_description/launch
[5.173s] symbolically linking /home/ubuntu/Desktop/ROS2/box_bot_ws/build/box_bot_description/launch/sim.launch.py -> /home/ubuntu/Desktop/ROS2/box_bot_ws/install/box_bot_description/share/box_bot_description/launch
[5.173s] creating /home/ubuntu/Desktop/ROS2/box_bot_ws/install/box_bot_description/share/box_bot_description/urdf
[5.173s] symbolically linking /home/ubuntu/Desktop/ROS2/box_bot_ws/build/box_bot_description/urdf/box_bot.urdf -> /home/ubuntu/Desktop/ROS2/box_bot_ws/install/box_bot_description/share/box_bot_description/urdf
[5.173s] creating /home/ubuntu/Desktop/ROS2/box_bot_ws/install/box_bot_description/share/box_bot_description/world
[5.238s] Invoked command in '/home/ubuntu/Desktop/ROS2/box_bot_ws/build/box_bot_description' returned '0': PYTHONPATH=/home/ubuntu/Desktop/ROS2/box_bot_ws/build/box_bot_description/prefix_override:/usr/lib/python3/dist-packages/colcon_core/task/python/colcon_distutils_commands:/home/ubuntu/Desktop/ROS2/box_bot_ws/install/box_bot_description/lib/python3.12/site-packages:${PYTHONPATH} /usr/bin/python3 -W ignore:setup.py install is deprecated -W ignore:easy_install command is deprecated setup.py develop --editable --build-directory /home/ubuntu/Desktop/ROS2/box_bot_ws/build/box_bot_description/build --no-deps symlink_data
