running develop
running egg_info
creating box_bot_description.egg-info
writing box_bot_description.egg-info/PKG-INFO
writing dependency_links to box_bot_description.egg-info/dependency_links.txt
writing entry points to box_bot_description.egg-info/entry_points.txt
writing requirements to box_bot_description.egg-info/requires.txt
writing top-level names to box_bot_description.egg-info/top_level.txt
writing manifest file 'box_bot_description.egg-info/SOURCES.txt'
reading manifest file 'box_bot_description.egg-info/SOURCES.txt'
writing manifest file 'box_bot_description.egg-info/SOURCES.txt'
running build_ext
Creating /home/ubuntu/Desktop/ROS2/box_bot_ws/install/box_bot_description/lib/python3.12/site-packages/box-bot-description.egg-link (link to .)
Installing obstacle_avoider script to /home/ubuntu/Desktop/ROS2/box_bot_ws/install/box_bot_description/lib/box_bot_description

Installed /home/ubuntu/Desktop/ROS2/box_bot_ws/build/box_bot_description
running symlink_data
creating /home/ubuntu/Desktop/ROS2/box_bot_ws/install/box_bot_description/share/ament_index
creating /home/ubuntu/Desktop/ROS2/box_bot_ws/install/box_bot_description/share/ament_index/resource_index
creating /home/ubuntu/Desktop/ROS2/box_bot_ws/install/box_bot_description/share/ament_index/resource_index/packages
symbolically linking /home/ubuntu/Desktop/ROS2/box_bot_ws/build/box_bot_description/resource/box_bot_description -> /home/ubuntu/Desktop/ROS2/box_bot_ws/install/box_bot_description/share/ament_index/resource_index/packages
symbolically linking /home/ubuntu/Desktop/ROS2/box_bot_ws/build/box_bot_description/package.xml -> /home/ubuntu/Desktop/ROS2/box_bot_ws/install/box_bot_description/share/box_bot_description
creating /home/ubuntu/Desktop/ROS2/box_bot_ws/install/box_bot_description/share/box_bot_description/launch
symbolically linking /home/ubuntu/Desktop/ROS2/box_bot_ws/build/box_bot_description/launch/sim.launch.py -> /home/ubuntu/Desktop/ROS2/box_bot_ws/install/box_bot_description/share/box_bot_description/launch
creating /home/ubuntu/Desktop/ROS2/box_bot_ws/install/box_bot_description/share/box_bot_description/urdf
symbolically linking /home/ubuntu/Desktop/ROS2/box_bot_ws/build/box_bot_description/urdf/box_bot.urdf -> /home/ubuntu/Desktop/ROS2/box_bot_ws/install/box_bot_description/share/box_bot_description/urdf
creating /home/ubuntu/Desktop/ROS2/box_bot_ws/install/box_bot_description/share/box_bot_description/world
