[0.994s] Invoking command in '/home/ubuntu/Desktop/ROS2/box_bot_ws/build/box_bot_description': PYTHONPATH=/home/ubuntu/Desktop/ROS2/box_bot_ws/build/box_bot_description/prefix_override:/usr/lib/python3/dist-packages/colcon_core/task/python/colcon_distutils_commands:/home/ubuntu/Desktop/ROS2/box_bot_ws/install/box_bot_description/lib/python3.12/site-packages:${PYTHONPATH} /usr/bin/python3 -W ignore:setup.py install is deprecated -W ignore:easy_install command is deprecated setup.py develop --editable --build-directory /home/ubuntu/Desktop/ROS2/box_bot_ws/build/box_bot_description/build --no-deps symlink_data
[1.430s] running develop
[1.718s] running egg_info
[1.722s] creating box_bot_description.egg-info
[1.746s] writing box_bot_description.egg-info/PKG-INFO
[1.746s] writing dependency_links to box_bot_description.egg-info/dependency_links.txt
[1.747s] writing entry points to box_bot_description.egg-info/entry_points.txt
[1.747s] writing requirements to box_bot_description.egg-info/requires.txt
[1.748s] writing top-level names to box_bot_description.egg-info/top_level.txt
[1.748s] writing manifest file 'box_bot_description.egg-info/SOURCES.txt'
[1.798s] reading manifest file 'box_bot_description.egg-info/SOURCES.txt'
[1.800s] writing manifest file 'box_bot_description.egg-info/SOURCES.txt'
[1.827s] running build_ext
[1.829s] Creating /home/ubuntu/Desktop/ROS2/box_bot_ws/install/box_bot_description/lib/python3.12/site-packages/box-bot-description.egg-link (link to .)
[1.832s] Installing obstacle_avoider script to /home/ubuntu/Desktop/ROS2/box_bot_ws/install/box_bot_description/lib/box_bot_description
[1.832s] 
[1.832s] Installed /home/ubuntu/Desktop/ROS2/box_bot_ws/build/box_bot_description
[1.832s] running symlink_data
[1.832s] creating /home/ubuntu/Desktop/ROS2/box_bot_ws/install/box_bot_description/share/ament_index
[1.833s] creating /home/ubuntu/Desktop/ROS2/box_bot_ws/install/box_bot_description/share/ament_index/resource_index
[1.833s] creating /home/ubuntu/Desktop/ROS2/box_bot_ws/install/box_bot_description/share/ament_index/resource_index/packages
[1.833s] symbolically linking /home/ubuntu/Desktop/ROS2/box_bot_ws/build/box_bot_description/resource/box_bot_description -> /home/ubuntu/Desktop/ROS2/box_bot_ws/install/box_bot_description/share/ament_index/resource_index/packages
[1.833s] symbolically linking /home/ubuntu/Desktop/ROS2/box_bot_ws/build/box_bot_description/package.xml -> /home/ubuntu/Desktop/ROS2/box_bot_ws/install/box_bot_description/share/box_bot_description
[1.833s] creating /home/ubuntu/Desktop/ROS2/box_bot_ws/install/box_bot_description/share/box_bot_description/launch
[1.833s] symbolically linking /home/ubuntu/Desktop/ROS2/box_bot_ws/build/box_bot_description/launch/sim.launch.py -> /home/ubuntu/Desktop/ROS2/box_bot_ws/install/box_bot_description/share/box_bot_description/launch
[1.833s] creating /home/ubuntu/Desktop/ROS2/box_bot_ws/install/box_bot_description/share/box_bot_description/urdf
[1.834s] symbolically linking /home/ubuntu/Desktop/ROS2/box_bot_ws/build/box_bot_description/urdf/box_bot.urdf -> /home/ubuntu/Desktop/ROS2/box_bot_ws/install/box_bot_description/share/box_bot_description/urdf
[1.834s] creating /home/ubuntu/Desktop/ROS2/box_bot_ws/install/box_bot_description/share/box_bot_description/world
[1.857s] Invoked command in '/home/ubuntu/Desktop/ROS2/box_bot_ws/build/box_bot_description' returned '0': PYTHONPATH=/home/ubuntu/Desktop/ROS2/box_bot_ws/build/box_bot_description/prefix_override:/usr/lib/python3/dist-packages/colcon_core/task/python/colcon_distutils_commands:/home/ubuntu/Desktop/ROS2/box_bot_ws/install/box_bot_description/lib/python3.12/site-packages:${PYTHONPATH} /usr/bin/python3 -W ignore:setup.py install is deprecated -W ignore:easy_install command is deprecated setup.py develop --editable --build-directory /home/ubuntu/Desktop/ROS2/box_bot_ws/build/box_bot_description/build --no-deps symlink_data
