[0.265s] DEBUG:colcon:Command line arguments: ['/usr/bin/colcon', 'build', '--symlink-install']
[0.266s] DEBUG:colcon:Parsed command line arguments: Namespace(log_base=None, log_level=None, verb_name='build', build_base='build', install_base='install', merge_install=False, symlink_install=True, test_result_base=None, continue_on_error=False, executor='parallel', parallel_workers=8, event_handlers=None, ignore_user_meta=False, metas=['./colcon.meta'], base_paths=['.'], packages_ignore=None, packages_ignore_regex=None, paths=None, packages_up_to=None, packages_up_to_regex=None, packages_above=None, packages_above_and_dependencies=None, packages_above_depth=None, packages_select_by_dep=None, packages_skip_by_dep=None, packages_skip_up_to=None, packages_select_build_failed=False, packages_skip_build_finished=False, packages_select_test_failures=False, packages_skip_test_passed=False, packages_select=None, packages_skip=None, packages_select_regex=None, packages_skip_regex=None, packages_start=None, packages_end=None, allow_overriding=[], cmake_args=None, cmake_target=None, cmake_target_skip_unavailable=False, cmake_clean_cache=False, cmake_clean_first=False, cmake_force_configure=False, ament_cmake_args=None, catkin_cmake_args=None, catkin_skip_building_tests=False, verb_parser=<colcon_defaults.argument_parser.defaults.DefaultArgumentsDecorator object at 0x7d87b5385730>, verb_extension=<colcon_core.verb.build.BuildVerb object at 0x7d87b5385580>, main=<bound method BuildVerb.main of <colcon_core.verb.build.BuildVerb object at 0x7d87b5385580>>)
[0.543s] Level 1:colcon.colcon_core.package_discovery:discover_packages(colcon_meta) check parameters
[0.544s] Level 1:colcon.colcon_core.package_discovery:discover_packages(recursive) check parameters
[0.544s] Level 1:colcon.colcon_core.package_discovery:discover_packages(ignore) check parameters
[0.544s] Level 1:colcon.colcon_core.package_discovery:discover_packages(path) check parameters
[0.544s] Level 1:colcon.colcon_core.package_discovery:discover_packages(colcon_meta) discover
[0.544s] Level 1:colcon.colcon_core.package_discovery:discover_packages(recursive) discover
[0.544s] INFO:colcon.colcon_core.package_discovery:Crawling recursively for packages in '/home/ubuntu/Desktop/ROS2/box_bot_ws'
[0.544s] Level 1:colcon.colcon_core.package_identification:_identify(.) by extensions ['ignore', 'ignore_ament_install']
[0.545s] Level 1:colcon.colcon_core.package_identification:_identify(.) by extension 'ignore'
[0.545s] Level 1:colcon.colcon_core.package_identification:_identify(.) by extension 'ignore_ament_install'
[0.545s] Level 1:colcon.colcon_core.package_identification:_identify(.) by extensions ['colcon_pkg']
[0.545s] Level 1:colcon.colcon_core.package_identification:_identify(.) by extension 'colcon_pkg'
[0.545s] Level 1:colcon.colcon_core.package_identification:_identify(.) by extensions ['colcon_meta']
[0.545s] Level 1:colcon.colcon_core.package_identification:_identify(.) by extension 'colcon_meta'
[0.546s] Level 1:colcon.colcon_core.package_identification:_identify(.) by extensions ['ros']
[0.546s] Level 1:colcon.colcon_core.package_identification:_identify(.) by extension 'ros'
[0.594s] Level 1:colcon.colcon_core.package_identification:_identify(.) by extensions ['cmake', 'python']
[0.594s] Level 1:colcon.colcon_core.package_identification:_identify(.) by extension 'cmake'
[0.594s] Level 1:colcon.colcon_core.package_identification:_identify(.) by extension 'python'
[0.594s] Level 1:colcon.colcon_core.package_identification:_identify(.) by extensions ['python_setup_py']
[0.594s] Level 1:colcon.colcon_core.package_identification:_identify(.) by extension 'python_setup_py'
[0.595s] Level 1:colcon.colcon_core.package_identification:_identify(build) by extensions ['ignore', 'ignore_ament_install']
[0.595s] Level 1:colcon.colcon_core.package_identification:_identify(build) by extension 'ignore'
[0.595s] Level 1:colcon.colcon_core.package_identification:_identify(build) ignored
[0.596s] Level 1:colcon.colcon_core.package_identification:_identify(install) by extensions ['ignore', 'ignore_ament_install']
[0.596s] Level 1:colcon.colcon_core.package_identification:_identify(install) by extension 'ignore'
[0.596s] Level 1:colcon.colcon_core.package_identification:_identify(install) ignored
[0.596s] Level 1:colcon.colcon_core.package_identification:_identify(log) by extensions ['ignore', 'ignore_ament_install']
[0.597s] Level 1:colcon.colcon_core.package_identification:_identify(log) by extension 'ignore'
[0.597s] Level 1:colcon.colcon_core.package_identification:_identify(log) ignored
[0.597s] Level 1:colcon.colcon_core.package_identification:_identify(src) by extensions ['ignore', 'ignore_ament_install']
[0.597s] Level 1:colcon.colcon_core.package_identification:_identify(src) by extension 'ignore'
[0.598s] Level 1:colcon.colcon_core.package_identification:_identify(src) by extension 'ignore_ament_install'
[0.598s] Level 1:colcon.colcon_core.package_identification:_identify(src) by extensions ['colcon_pkg']
[0.598s] Level 1:colcon.colcon_core.package_identification:_identify(src) by extension 'colcon_pkg'
[0.598s] Level 1:colcon.colcon_core.package_identification:_identify(src) by extensions ['colcon_meta']
[0.598s] Level 1:colcon.colcon_core.package_identification:_identify(src) by extension 'colcon_meta'
[0.599s] Level 1:colcon.colcon_core.package_identification:_identify(src) by extensions ['ros']
[0.599s] Level 1:colcon.colcon_core.package_identification:_identify(src) by extension 'ros'
[0.599s] Level 1:colcon.colcon_core.package_identification:_identify(src) by extensions ['cmake', 'python']
[0.599s] Level 1:colcon.colcon_core.package_identification:_identify(src) by extension 'cmake'
[0.599s] Level 1:colcon.colcon_core.package_identification:_identify(src) by extension 'python'
[0.600s] Level 1:colcon.colcon_core.package_identification:_identify(src) by extensions ['python_setup_py']
[0.600s] Level 1:colcon.colcon_core.package_identification:_identify(src) by extension 'python_setup_py'
[0.600s] Level 1:colcon.colcon_core.package_identification:_identify(src/box_bot_description) by extensions ['ignore', 'ignore_ament_install']
[0.600s] Level 1:colcon.colcon_core.package_identification:_identify(src/box_bot_description) by extension 'ignore'
[0.601s] Level 1:colcon.colcon_core.package_identification:_identify(src/box_bot_description) by extension 'ignore_ament_install'
[0.601s] Level 1:colcon.colcon_core.package_identification:_identify(src/box_bot_description) by extensions ['colcon_pkg']
[0.601s] Level 1:colcon.colcon_core.package_identification:_identify(src/box_bot_description) by extension 'colcon_pkg'
[0.601s] Level 1:colcon.colcon_core.package_identification:_identify(src/box_bot_description) by extensions ['colcon_meta']
[0.601s] Level 1:colcon.colcon_core.package_identification:_identify(src/box_bot_description) by extension 'colcon_meta'
[0.602s] Level 1:colcon.colcon_core.package_identification:_identify(src/box_bot_description) by extensions ['ros']
[0.602s] Level 1:colcon.colcon_core.package_identification:_identify(src/box_bot_description) by extension 'ros'
[0.607s] DEBUG:colcon.colcon_core.package_identification:Package 'src/box_bot_description' with type 'ros.ament_python' and name 'box_bot_description'
[0.608s] Level 1:colcon.colcon_core.package_discovery:discover_packages(recursive) using defaults
[0.608s] Level 1:colcon.colcon_core.package_discovery:discover_packages(ignore) discover
[0.608s] Level 1:colcon.colcon_core.package_discovery:discover_packages(ignore) using defaults
[0.608s] Level 1:colcon.colcon_core.package_discovery:discover_packages(path) discover
[0.608s] Level 1:colcon.colcon_core.package_discovery:discover_packages(path) using defaults
[0.671s] Level 1:colcon.colcon_core.package_discovery:discover_packages(prefix_path) check parameters
[0.671s] Level 1:colcon.colcon_core.package_discovery:discover_packages(prefix_path) discover
[0.679s] WARNING:colcon.colcon_ros.prefix_path.ament:The path '/home/ubuntu/Desktop/ROS2/box_bot_ws/install/box_bot_description' in the environment variable AMENT_PREFIX_PATH doesn't exist
[0.697s] DEBUG:colcon.colcon_installed_package_information.package_discovery:Found 0 installed packages in /home/ubuntu/Desktop/ROS2/box_bot_ws/install
[0.703s] DEBUG:colcon.colcon_installed_package_information.package_discovery:Found 324 installed packages in /opt/ros/kilted
[0.705s] Level 1:colcon.colcon_core.package_discovery:discover_packages(prefix_path) using defaults
[0.808s] Level 5:colcon.colcon_core.verb:set package 'box_bot_description' build argument 'cmake_args' from command line to 'None'
[0.809s] Level 5:colcon.colcon_core.verb:set package 'box_bot_description' build argument 'cmake_target' from command line to 'None'
[0.809s] Level 5:colcon.colcon_core.verb:set package 'box_bot_description' build argument 'cmake_target_skip_unavailable' from command line to 'False'
[0.809s] Level 5:colcon.colcon_core.verb:set package 'box_bot_description' build argument 'cmake_clean_cache' from command line to 'False'
[0.809s] Level 5:colcon.colcon_core.verb:set package 'box_bot_description' build argument 'cmake_clean_first' from command line to 'False'
[0.809s] Level 5:colcon.colcon_core.verb:set package 'box_bot_description' build argument 'cmake_force_configure' from command line to 'False'
[0.809s] Level 5:colcon.colcon_core.verb:set package 'box_bot_description' build argument 'ament_cmake_args' from command line to 'None'
[0.810s] Level 5:colcon.colcon_core.verb:set package 'box_bot_description' build argument 'catkin_cmake_args' from command line to 'None'
[0.810s] Level 5:colcon.colcon_core.verb:set package 'box_bot_description' build argument 'catkin_skip_building_tests' from command line to 'False'
[0.810s] DEBUG:colcon.colcon_core.verb:Building package 'box_bot_description' with the following arguments: {'ament_cmake_args': None, 'build_base': '/home/ubuntu/Desktop/ROS2/box_bot_ws/build/box_bot_description', 'catkin_cmake_args': None, 'catkin_skip_building_tests': False, 'cmake_args': None, 'cmake_clean_cache': False, 'cmake_clean_first': False, 'cmake_force_configure': False, 'cmake_target': None, 'cmake_target_skip_unavailable': False, 'install_base': '/home/ubuntu/Desktop/ROS2/box_bot_ws/install/box_bot_description', 'merge_install': False, 'path': '/home/ubuntu/Desktop/ROS2/box_bot_ws/src/box_bot_description', 'symlink_install': True, 'test_result_base': None}
[0.810s] INFO:colcon.colcon_core.executor:Executing jobs using 'parallel' executor
[0.813s] DEBUG:colcon.colcon_parallel_executor.executor.parallel:run_until_complete
[0.813s] INFO:colcon.colcon_ros.task.ament_python.build:Building ROS package in '/home/ubuntu/Desktop/ROS2/box_bot_ws/src/box_bot_description' with build type 'ament_python'
[0.813s] Level 1:colcon.colcon_core.shell:create_environment_hook('box_bot_description', 'ament_prefix_path')
[0.860s] INFO:colcon.colcon_core.plugin_system:Skipping extension 'colcon_core.shell.bat': Not used on non-Windows systems
[0.860s] INFO:colcon.colcon_core.shell:Creating environment hook '/home/ubuntu/Desktop/ROS2/box_bot_ws/install/box_bot_description/share/box_bot_description/hook/ament_prefix_path.ps1'
[0.864s] INFO:colcon.colcon_core.shell:Creating environment descriptor '/home/ubuntu/Desktop/ROS2/box_bot_ws/install/box_bot_description/share/box_bot_description/hook/ament_prefix_path.dsv'
[0.867s] INFO:colcon.colcon_core.shell:Creating environment hook '/home/ubuntu/Desktop/ROS2/box_bot_ws/install/box_bot_description/share/box_bot_description/hook/ament_prefix_path.sh'
[0.869s] INFO:colcon.colcon_core.shell:Skip shell extension 'powershell' for command environment: Not usable outside of PowerShell
[0.870s] DEBUG:colcon.colcon_core.shell:Skip shell extension 'dsv' for command environment
[1.378s] INFO:colcon.colcon_core.task.python.build:Building Python package in '/home/ubuntu/Desktop/ROS2/box_bot_ws/src/box_bot_description'
[1.378s] INFO:colcon.colcon_core.shell:Skip shell extension 'powershell' for command environment: Not usable outside of PowerShell
[1.378s] DEBUG:colcon.colcon_core.shell:Skip shell extension 'dsv' for command environment
[4.342s] DEBUG:colcon.colcon_core.event_handler.log_command:Invoking command in '/home/ubuntu/Desktop/ROS2/box_bot_ws/build/box_bot_description': PYTHONPATH=/home/ubuntu/Desktop/ROS2/box_bot_ws/build/box_bot_description/prefix_override:/usr/lib/python3/dist-packages/colcon_core/task/python/colcon_distutils_commands:/home/ubuntu/Desktop/ROS2/box_bot_ws/install/box_bot_description/lib/python3.12/site-packages:${PYTHONPATH} /usr/bin/python3 -W ignore:setup.py install is deprecated -W ignore:easy_install command is deprecated setup.py develop --editable --build-directory /home/ubuntu/Desktop/ROS2/box_bot_ws/build/box_bot_description/build --no-deps symlink_data
[6.168s] Level 1:colcon.colcon_core.shell:create_environment_hook('box_bot_description', 'pythonpath_develop')
[6.169s] DEBUG:colcon.colcon_core.event_handler.log_command:Invoked command in '/home/ubuntu/Desktop/ROS2/box_bot_ws/build/box_bot_description' returned '0': PYTHONPATH=/home/ubuntu/Desktop/ROS2/box_bot_ws/build/box_bot_description/prefix_override:/usr/lib/python3/dist-packages/colcon_core/task/python/colcon_distutils_commands:/home/ubuntu/Desktop/ROS2/box_bot_ws/install/box_bot_description/lib/python3.12/site-packages:${PYTHONPATH} /usr/bin/python3 -W ignore:setup.py install is deprecated -W ignore:easy_install command is deprecated setup.py develop --editable --build-directory /home/ubuntu/Desktop/ROS2/box_bot_ws/build/box_bot_description/build --no-deps symlink_data
[6.169s] INFO:colcon.colcon_core.shell:Creating environment hook '/home/ubuntu/Desktop/ROS2/box_bot_ws/build/box_bot_description/share/box_bot_description/hook/pythonpath_develop.ps1'
[6.172s] INFO:colcon.colcon_core.shell:Creating environment descriptor '/home/ubuntu/Desktop/ROS2/box_bot_ws/build/box_bot_description/share/box_bot_description/hook/pythonpath_develop.dsv'
[6.173s] INFO:colcon.colcon_core.shell:Creating environment hook '/home/ubuntu/Desktop/ROS2/box_bot_ws/build/box_bot_description/share/box_bot_description/hook/pythonpath_develop.sh'
[6.193s] Level 1:colcon.colcon_core.environment:checking '/home/ubuntu/Desktop/ROS2/box_bot_ws/install/box_bot_description' for CMake module files
[6.198s] Level 1:colcon.colcon_core.environment:checking '/home/ubuntu/Desktop/ROS2/box_bot_ws/install/box_bot_description' for CMake config files
[6.201s] Level 1:colcon.colcon_core.environment:checking '/home/ubuntu/Desktop/ROS2/box_bot_ws/install/box_bot_description/lib'
[6.201s] Level 1:colcon.colcon_core.environment:checking '/home/ubuntu/Desktop/ROS2/box_bot_ws/install/box_bot_description/bin'
[6.201s] Level 1:colcon.colcon_core.environment:checking '/home/ubuntu/Desktop/ROS2/box_bot_ws/install/box_bot_description/lib/pkgconfig/box_bot_description.pc'
[6.202s] Level 1:colcon.colcon_core.environment:checking '/home/ubuntu/Desktop/ROS2/box_bot_ws/install/box_bot_description/lib/python3.12/site-packages'
[6.202s] Level 1:colcon.colcon_core.shell:create_environment_hook('box_bot_description', 'pythonpath')
[6.202s] INFO:colcon.colcon_core.shell:Creating environment hook '/home/ubuntu/Desktop/ROS2/box_bot_ws/install/box_bot_description/share/box_bot_description/hook/pythonpath.ps1'
[6.203s] INFO:colcon.colcon_core.shell:Creating environment descriptor '/home/ubuntu/Desktop/ROS2/box_bot_ws/install/box_bot_description/share/box_bot_description/hook/pythonpath.dsv'
[6.204s] INFO:colcon.colcon_core.shell:Creating environment hook '/home/ubuntu/Desktop/ROS2/box_bot_ws/install/box_bot_description/share/box_bot_description/hook/pythonpath.sh'
[6.205s] Level 1:colcon.colcon_core.environment:checking '/home/ubuntu/Desktop/ROS2/box_bot_ws/install/box_bot_description/bin'
[6.206s] Level 1:colcon.colcon_core.environment:create_environment_scripts_only(box_bot_description)
[6.206s] INFO:colcon.colcon_core.shell:Creating package script '/home/ubuntu/Desktop/ROS2/box_bot_ws/install/box_bot_description/share/box_bot_description/package.ps1'
[6.208s] INFO:colcon.colcon_core.shell:Creating package descriptor '/home/ubuntu/Desktop/ROS2/box_bot_ws/install/box_bot_description/share/box_bot_description/package.dsv'
[6.211s] INFO:colcon.colcon_core.shell:Creating package script '/home/ubuntu/Desktop/ROS2/box_bot_ws/install/box_bot_description/share/box_bot_description/package.sh'
[6.212s] INFO:colcon.colcon_core.shell:Creating package script '/home/ubuntu/Desktop/ROS2/box_bot_ws/install/box_bot_description/share/box_bot_description/package.bash'
[6.216s] INFO:colcon.colcon_core.shell:Creating package script '/home/ubuntu/Desktop/ROS2/box_bot_ws/install/box_bot_description/share/box_bot_description/package.zsh'
[6.217s] Level 1:colcon.colcon_core.environment:create_file_with_runtime_dependencies(/home/ubuntu/Desktop/ROS2/box_bot_ws/install/box_bot_description/share/colcon-core/packages/box_bot_description)
[6.218s] DEBUG:colcon.colcon_parallel_executor.executor.parallel:closing loop
[6.219s] DEBUG:colcon.colcon_parallel_executor.executor.parallel:loop closed
[6.219s] DEBUG:colcon.colcon_parallel_executor.executor.parallel:run_until_complete finished with '0'
[6.219s] DEBUG:colcon.colcon_core.event_reactor:joining thread
[6.268s] INFO:colcon.colcon_core.plugin_system:Skipping extension 'colcon_notification.desktop_notification.terminal_notifier': Not used on non-Darwin systems
[6.268s] INFO:colcon.colcon_core.plugin_system:Skipping extension 'colcon_notification.desktop_notification.win32': Not used on non-Windows systems
[6.268s] INFO:colcon.colcon_notification.desktop_notification:Sending desktop notification using 'notify2'
[6.304s] DEBUG:colcon.colcon_notification.desktop_notification.notify2:Failed to initialize notify2: org.freedesktop.DBus.Error.ServiceUnknown: The name org.freedesktop.Notifications was not provided by any .service files
[6.306s] DEBUG:colcon.colcon_core.event_reactor:joined thread
[6.309s] INFO:colcon.colcon_core.shell:Creating prefix script '/home/ubuntu/Desktop/ROS2/box_bot_ws/install/local_setup.ps1'
[6.314s] INFO:colcon.colcon_core.shell:Creating prefix util module '/home/ubuntu/Desktop/ROS2/box_bot_ws/install/_local_setup_util_ps1.py'
[6.318s] INFO:colcon.colcon_core.shell:Creating prefix chain script '/home/ubuntu/Desktop/ROS2/box_bot_ws/install/setup.ps1'
[6.321s] INFO:colcon.colcon_core.shell:Creating prefix script '/home/ubuntu/Desktop/ROS2/box_bot_ws/install/local_setup.sh'
[6.324s] INFO:colcon.colcon_core.shell:Creating prefix util module '/home/ubuntu/Desktop/ROS2/box_bot_ws/install/_local_setup_util_sh.py'
[6.325s] INFO:colcon.colcon_core.shell:Creating prefix chain script '/home/ubuntu/Desktop/ROS2/box_bot_ws/install/setup.sh'
[6.328s] INFO:colcon.colcon_core.shell:Creating prefix script '/home/ubuntu/Desktop/ROS2/box_bot_ws/install/local_setup.bash'
[6.330s] INFO:colcon.colcon_core.shell:Creating prefix chain script '/home/ubuntu/Desktop/ROS2/box_bot_ws/install/setup.bash'
[6.333s] INFO:colcon.colcon_core.shell:Creating prefix script '/home/ubuntu/Desktop/ROS2/box_bot_ws/install/local_setup.zsh'
[6.336s] INFO:colcon.colcon_core.shell:Creating prefix chain script '/home/ubuntu/Desktop/ROS2/box_bot_ws/install/setup.zsh'
