[2.116s] Invoking command in '/home/ubuntu/Desktop/ROS2/box_bot_ws/build/box_bot_description': PYTHONPATH=/home/ubuntu/Desktop/ROS2/box_bot_ws/build/box_bot_description/prefix_override:/usr/lib/python3/dist-packages/colcon_core/task/python/colcon_distutils_commands:/home/ubuntu/Desktop/ROS2/box_bot_ws/install/box_bot_description/lib/python3.12/site-packages:${PYTHONPATH} /usr/bin/python3 -W ignore:setup.py install is deprecated -W ignore:easy_install command is deprecated setup.py develop --editable --build-directory /home/ubuntu/Desktop/ROS2/box_bot_ws/build/box_bot_description/build --no-deps symlink_data
[3.094s] running develop
[3.618s] running egg_info
[3.620s] creating box_bot_description.egg-info
[3.666s] writing box_bot_description.egg-info/PKG-INFO
[3.667s] writing dependency_links to box_bot_description.egg-info/dependency_links.txt
[3.689s] writing requirements to box_bot_description.egg-info/requires.txt
[3.690s] writing top-level names to box_bot_description.egg-info/top_level.txt
[3.690s] writing manifest file 'box_bot_description.egg-info/SOURCES.txt'
[3.780s] reading manifest file 'box_bot_description.egg-info/SOURCES.txt'
[3.782s] writing manifest file 'box_bot_description.egg-info/SOURCES.txt'
[3.828s] running build_ext
[3.828s] Creating /home/ubuntu/Desktop/ROS2/box_bot_ws/install/box_bot_description/lib/python3.12/site-packages/box-bot-description.egg-link (link to .)
[3.830s] 
[3.830s] Installed /home/ubuntu/Desktop/ROS2/box_bot_ws/build/box_bot_description
[3.831s] running symlink_data
[3.832s] creating /home/ubuntu/Desktop/ROS2/box_bot_ws/install/box_bot_description/share/ament_index
[3.832s] creating /home/ubuntu/Desktop/ROS2/box_bot_ws/install/box_bot_description/share/ament_index/resource_index
[3.832s] creating /home/ubuntu/Desktop/ROS2/box_bot_ws/install/box_bot_description/share/ament_index/resource_index/packages
[3.833s] symbolically linking /home/ubuntu/Desktop/ROS2/box_bot_ws/build/box_bot_description/resource/box_bot_description -> /home/ubuntu/Desktop/ROS2/box_bot_ws/install/box_bot_description/share/ament_index/resource_index/packages
[3.833s] symbolically linking /home/ubuntu/Desktop/ROS2/box_bot_ws/build/box_bot_description/package.xml -> /home/ubuntu/Desktop/ROS2/box_bot_ws/install/box_bot_description/share/box_bot_description
[3.833s] creating /home/ubuntu/Desktop/ROS2/box_bot_ws/install/box_bot_description/share/box_bot_description/launch
[3.833s] symbolically linking /home/ubuntu/Desktop/ROS2/box_bot_ws/build/box_bot_description/launch/sim.launch.py -> /home/ubuntu/Desktop/ROS2/box_bot_ws/install/box_bot_description/share/box_bot_description/launch
[3.834s] creating /home/ubuntu/Desktop/ROS2/box_bot_ws/install/box_bot_description/share/box_bot_description/urdf
[3.834s] symbolically linking /home/ubuntu/Desktop/ROS2/box_bot_ws/build/box_bot_description/urdf/box_bot.urdf -> /home/ubuntu/Desktop/ROS2/box_bot_ws/install/box_bot_description/share/box_bot_description/urdf
[3.834s] creating /home/ubuntu/Desktop/ROS2/box_bot_ws/install/box_bot_description/share/box_bot_description/world
[3.882s] Invoked command in '/home/ubuntu/Desktop/ROS2/box_bot_ws/build/box_bot_description' returned '0': PYTHONPATH=/home/ubuntu/Desktop/ROS2/box_bot_ws/build/box_bot_description/prefix_override:/usr/lib/python3/dist-packages/colcon_core/task/python/colcon_distutils_commands:/home/ubuntu/Desktop/ROS2/box_bot_ws/install/box_bot_description/lib/python3.12/site-packages:${PYTHONPATH} /usr/bin/python3 -W ignore:setup.py install is deprecated -W ignore:easy_install command is deprecated setup.py develop --editable --build-directory /home/ubuntu/Desktop/ROS2/box_bot_ws/build/box_bot_description/build --no-deps symlink_data
